SNAPSHOT t=0s files=5524 dirs=3019 bytes=285167099
SNAPSHOT t=0s files=12454 dirs=4295 bytes=490810083
PROGRESS t=0s files=16503 dirs=4311 bytes=643951755 queue=32 backlog=4066 lag=78 path=E:\.pnpm-store\v10\files\1b\9c4ba7ad2008cd462f02671991fda42c4e9ba5c8e1c8511f578147bee4973db3227b16682edd40b9c957f54d42c2d40fccbbc80943a5aadf13e34589a6ea6d
SNAPSHOT t=0s files=22660 dirs=4317 bytes=918537812
SNAPSHOT t=0s files=28885 dirs=4335 bytes=1107671600
PROGRESS t=1s files=38355 dirs=4377 bytes=1412228081 queue=32 backlog=4052 lag=236 path=E:\.pnpm-store\v10\files\47\2124660ab8ef852bb5aaba0709c7df2ae9669a40a4be9d05791b7c8c3bffaed8dc6113be5d145ea03665c5f4cd3c8cbefed65bdef1f1f5d4e613680d43a619
SNAPSHOT t=1s files=41011 dirs=4377 bytes=1476167700
SNAPSHOT t=1s files=49180 dirs=4492 bytes=1933782548
PROGRESS t=1s files=54118 dirs=4492 bytes=2110775468 queue=32 backlog=4104 lag=242 path=E:\.pnpm-store\v10\files\65\2d2e067fd12c88c3b1991bd35cd54216c4570bc4fbd00ba773963ba30ea5698d7a3cbcce4f60ba109c7e014e4d5a2cebf81ac12749dd4821189f2c5b83f316
SNAPSHOT t=1s files=54118 dirs=4492 bytes=2110775468
SNAPSHOT t=1s files=61152 dirs=4495 bytes=2244959685
SNAPSHOT t=2s files=72583 dirs=4495 bytes=2553770553
PROGRESS t=2s files=78931 dirs=4495 bytes=2715576835 queue=32 backlog=4011 lag=226 path=E:\.pnpm-store\v10\files\92\97e7ab99ecf955e61e0149e71d240f28e6b210793a607c31150e0aaa0cdd60a5bb9901891b220be81a8385ba29084412b6552c7552051ff433802eeee11a8f
SNAPSHOT t=2s files=83799 dirs=4495 bytes=2891260492
SNAPSHOT t=2s files=93263 dirs=4495 bytes=3216594615
PROGRESS t=2s files=101138 dirs=4495 bytes=3429994065 queue=32 backlog=3923 lag=161 path=E:\.pnpm-store\v10\files\bd\cd4f83a12415a739dc1845cb8febc6a6e102f4170303e2501666072d03d3c430849fc4b8d3ef72afb25766ffb39828a6deb3d75e8251946bea1e3e100227df
SNAPSHOT t=2s files=104827 dirs=4495 bytes=3478845443
SNAPSHOT t=3s files=110193 dirs=4495 bytes=3681374909
PROGRESS t=3s files=111460 dirs=4495 bytes=3720570287 queue=32 backlog=3884 lag=243 path=E:\.pnpm-store\v10\files\d3\4e9b29b4c4b55c77cab64be974b8615d40a04a5d6e41e89e39ddf4bbfaa13bbc177a9d5fd8b2171a1dfda29e10d423532c5967f59eae356e459a2b041b5de2
SNAPSHOT t=3s files=111460 dirs=4495 bytes=3720570287
SNAPSHOT t=3s files=121671 dirs=4495 bytes=4032496059
SNAPSHOT t=3s files=133132 dirs=4495 bytes=4397073598
PROGRESS t=3s files=133133 dirs=4495 bytes=4397074953 queue=32 backlog=3801 lag=156 path=E:\.pnpm-store\v10\files\fd\7ec5629e2aca1c31de76f9f0d188a3a395870535a6912c4f59a768133f403a1e0cb530ddf9fca7e84ac37cf34b7b82ce6b58f6b757f0b74bed4bc139f95d37
SNAPSHOT t=4s files=139613 dirs=12572 bytes=22773827693
SNAPSHOT t=4s files=150737 dirs=16670 bytes=23814220387
PROGRESS t=4s files=150738 dirs=16670 bytes=23814221084 queue=32 backlog=13938 lag=240 path=E:\govradar\node_modules\component-type\package.json
SNAPSHOT t=4s files=162642 dirs=19140 bytes=23922762592
SNAPSHOT t=4s files=168988 dirs=26974 bytes=52123496057
PROGRESS t=4s files=168989 dirs=26974 bytes=52123496559 queue=32 backlog=21062 lag=123 path=E:\FAnalysis\.git\objects\39\06d77345bd76b3457e0fd903ec58cf7f3cad16
SNAPSHOT t=5s files=179374 dirs=29528 bytes=52423200273
SNAPSHOT t=5s files=187799 dirs=33646 bytes=52710098181
PROGRESS t=5s files=187800 dirs=33646 bytes=52710103142 queue=32 backlog=22714 lag=6 path=E:\FAnalysis\web\node_modules\browserslist\index.d.ts
SNAPSHOT t=5s files=190853 dirs=34862 bytes=52724170231
PROGRESS t=6s files=193873 dirs=35503 bytes=52852297414 queue=32 backlog=23363 lag=0 path=E:\Folo\Folo\node_modules\eslint-plugin-antfu\dist
SNAPSHOT t=6s files=193873 dirs=35503 bytes=52852297414
SNAPSHOT t=6s files=205358 dirs=38384 bytes=53067032388
PROGRESS t=6s files=211557 dirs=39227 bytes=53123345675 queue=32 backlog=24287 lag=160 path=E:\govradar\.git\objects\a9\cb7cf5a5d1ecd1be2c5380a4d271d30a5078cb
SNAPSHOT t=6s files=217272 dirs=40155 bytes=53679048405
SNAPSHOT t=7s files=229057 dirs=41970 bytes=53989367036
PROGRESS t=7s files=229057 dirs=41971 bytes=53989367036 queue=32 backlog=24557 lag=180 path=E:\govradar\node_modules\n8n\dist\deduplication
SNAPSHOT t=7s files=230856 dirs=42275 bytes=54049686091
PROGRESS t=7s files=230857 dirs=42275 bytes=54049687521 queue=32 backlog=24633 lag=236 path=E:\govradar\node_modules\postcss\lib\stringifier.d.ts
SNAPSHOT t=7s files=242526 dirs=44518 bytes=54638203560
PROGRESS t=8s files=249793 dirs=47523 bytes=54905392943 queue=32 backlog=24523 lag=100 path=E:\BuildApp\caches\modules-2\files-2.1\androidx.lifecycle\lifecycle-viewmodel
SNAPSHOT t=8s files=250154 dirs=47925 bytes=54905418912
SNAPSHOT t=8s files=258694 dirs=51560 bytes=55423423972
PROGRESS t=8s files=260915 dirs=52112 bytes=55611450407 queue=32 backlog=24621 lag=195 path=E:\AIRefugee\frontend\node_modules\@zag-js\i18n-utils\README.md
SNAPSHOT t=8s files=270274 dirs=53046 bytes=55850685498
PROGRESS t=9s files=277205 dirs=54217 bytes=56241039937 queue=32 backlog=21747 lag=158 path=E:\FAnalysis\node_modules\maplibre-gl\src\render\vertex_array_object.ts
SNAPSHOT t=9s files=277696 dirs=54238 bytes=56244322787
SNAPSHOT t=9s files=289249 dirs=56493 bytes=56958922471
PROGRESS t=9s files=290726 dirs=56659 bytes=56965678636 queue=32 backlog=22544 lag=249 path=E:\FAnalysis\web\node_modules\.cache\babel-loader\7e906f3e7058dbdd3110895b7c43c2912256cc5ac03cf529d551cc443171b6ce.json
SNAPSHOT t=9s files=301891 dirs=57748 bytes=57073006627
PROGRESS t=10s files=311239 dirs=58495 bytes=57491658032 queue=32 backlog=22637 lag=70 path=E:\Folo\Folo\node_modules\expo-notifications\build\NotificationPermissionsModule.d.ts
SNAPSHOT t=10s files=313149 dirs=58752 bytes=57589295721
SNAPSHOT t=10s files=324476 dirs=60252 bytes=57837238706
PROGRESS t=10s files=324476 dirs=60253 bytes=57837238706 queue=32 backlog=22452 lag=217 path=E:\Folo\Folo\node_modules\qrcode\node_modules\locate-path
SNAPSHOT t=10s files=336495 dirs=61962 bytes=58185941610
PROGRESS t=11s files=336495 dirs=61963 bytes=58185941610 queue=32 backlog=22544 lag=122 path=E:\AIRefugee\web3a\node_modules\caniuse-lite\dist\unpacker
SNAPSHOT t=11s files=338162 dirs=62704 bytes=58253152005
SNAPSHOT t=11s files=350561 dirs=64284 bytes=58365447931
PROGRESS t=11s files=350562 dirs=64284 bytes=58365457451 queue=32 backlog=22923 lag=126 path=E:\govradar\node_modules\glob\dist\esm\bin.mjs
SNAPSHOT t=12s files=363195 dirs=66010 bytes=58573612792
PROGRESS t=12s files=371457 dirs=67208 bytes=58960692543 queue=32 backlog=23375 lag=137 path=E:\JobAssistant\node_modules\uuid\dist\cjs\native.js
SNAPSHOT t=12s files=375540 dirs=67521 bytes=59156365574
SNAPSHOT t=12s files=387488 dirs=67602 bytes=59212510939
PROGRESS t=12s files=387489 dirs=67602 bytes=59212516602 queue=32 backlog=23197 lag=179 path=E:\govradar\temp\award_notice_ingest_logs\award_20260214_145547\process_logs\job_1771110635039_948.stdout.log
SNAPSHOT t=13s files=391150 dirs=67602 bytes=59226396254
PROGRESS t=13s files=391151 dirs=67602 bytes=59226396254 queue=32 backlog=23197 lag=1 path=E:\govradar\temp\award_notice_ingest_logs\award_20260214_192557\process_logs\job_1771119912481_1212.stderr.log
SNAPSHOT t=13s files=403687 dirs=67602 bytes=59273612216
PROGRESS t=13s files=403688 dirs=67602 bytes=59273612216 queue=32 backlog=23190 lag=250 path=E:\govradar\temp\award_notice_ingest_logs\award_20260214_145547\process_logs\job_1771122269898_2283.stderr.log
SNAPSHOT t=14s files=408734 dirs=67602 bytes=59292825497
SNAPSHOT t=14s files=421788 dirs=67689 bytes=59373792681
PROGRESS t=14s files=421789 dirs=67689 bytes=59373792681 queue=32 backlog=23070 lag=6 path=E:\govradar\temp\award_notice_ingest_logs\award_20260214_192557\process_logs\job_1771130071735_3781.stderr.log
SNAPSHOT t=14s files=434866 dirs=68311 bytes=68184507347
PROGRESS t=15s files=440471 dirs=69349 bytes=76806915691 queue=32 backlog=23032 lag=124 path=E:\BuildApp\caches\8.14.3\transforms\2c8ac9374e91dd96eda4d2a76ef56674\transformed\.gradle-agent-instrumented.marker
SNAPSHOT t=15s files=442396 dirs=69646 bytes=76812147328
SNAPSHOT t=15s files=450960 dirs=72213 bytes=76839435404
PROGRESS t=15s files=450961 dirs=72213 bytes=76839440969 queue=32 backlog=23538 lag=166 path=E:\govradar\temp\award_notice_ingest_logs\award_20260214_192557\process_logs\job_1771142769335_6994.log
SNAPSHOT t=16s files=460227 dirs=73488 bytes=76953015353
PROGRESS t=16s files=465748 dirs=73709 bytes=77439713231 queue=32 backlog=23260 lag=65 path=E:\DirForge\target\debug\incremental\dirforge_telemetry-18uzg1cfxadb7\s-hgq0zvxz5a-170uz9i-bbth5engko9x69h68o0pz63a4\5if2uy4m7br6wwegx4auwlhhz.o
SNAPSHOT t=16s files=472177 dirs=74764 bytes=78196870852
PROGRESS t=16s files=480293 dirs=75589 bytes=78337666713 queue=32 backlog=23638 lag=106 path=E:\AIRefugee\frontend\node_modules\@radix-ui\react-direction\dist\index.d.ts
SNAPSHOT t=17s files=482930 dirs=75868 bytes=78554091468
SNAPSHOT t=17s files=494180 dirs=76843 bytes=78624760626
PROGRESS t=17s files=494180 dirs=76844 bytes=78624760626 queue=32 backlog=23678 lag=144 path=E:\etta\build-device\Index.noindex\DataStore\v5\records\37
SNAPSHOT t=18s files=503790 dirs=79944 bytes=78929173275
PROGRESS t=18s files=504219 dirs=80017 bytes=78945347645 queue=32 backlog=25276 lag=44 path=E:\Folo\Folo\node_modules\@ark\util\out\objectKinds.d.ts
SNAPSHOT t=18s files=504219 dirs=80017 bytes=78945347645
SNAPSHOT t=19s files=515117 dirs=81894 bytes=79114431411
PROGRESS t=19s files=515118 dirs=81894 bytes=79114431573 queue=32 backlog=25506 lag=20 path=E:\FAnalysis\web\node_modules\core-js\es\object\prevent-extensions.js
SNAPSHOT t=19s files=528308 dirs=82435 bytes=79289961534
PROGRESS t=19s files=530657 dirs=82752 bytes=79345209755 queue=32 backlog=24752 lag=33 path=E:\Folo\Folo\node_modules\drizzle-orm\mysql-core\columns\decimal.cjs.map
SNAPSHOT t=20s files=540219 dirs=83989 bytes=79410434383
PROGRESS t=20s files=543632 dirs=84264 bytes=79431846521 queue=32 backlog=24723 lag=184 path=E:\Folo\Folo\node_modules\lib0\dist\diff\patience.d.ts.map
SNAPSHOT t=21s files=549486 dirs=84612 bytes=79466866205
PROGRESS t=21s files=549487 dirs=84612 bytes=79466872572 queue=32 backlog=24379 lag=243 path=E:\AIRefugee\node_modules\@openzeppelin\upgrades-core\dist\scripts\migratable-manifest.test.json
SNAPSHOT t=21s files=553367 dirs=85144 bytes=79489879994
PROGRESS t=21s files=553368 dirs=85144 bytes=79489889601 queue=32 backlog=24419 lag=48 path=E:\Folo\Folo\node_modules\react-native-volume-manager\ios\VolumeManager.xcodeproj\project.pbxproj
SNAPSHOT t=22s files=564849 dirs=86280 bytes=79688354152
PROGRESS t=22s files=567701 dirs=87039 bytes=79708144397 queue=32 backlog=24777 lag=148 path=E:\Gradle\gradle-8.14.3\docs\kotlin-dsl\gradle\org.gradle.api.tasks\-path-sensitive
SNAPSHOT t=22s files=575724 dirs=88881 bytes=79783004489
PROGRESS t=22s files=580713 dirs=89438 bytes=79808898893 queue=32 backlog=25687 lag=199 path=E:\govradar\node_modules\@supabase\storage-js\dist\main\StorageClient.js
SNAPSHOT t=23s files=588557 dirs=89899 bytes=79842648491
PROGRESS t=23s files=594412 dirs=90268 bytes=79860743671 queue=32 backlog=25316 lag=136 path=E:\govradar\node_modules\lucide-react\dist\esm\icons\git-commit-horizontal.js
SNAPSHOT t=23s files=599841 dirs=91046 bytes=79874926555
PROGRESS t=23s files=606705 dirs=91514 bytes=79985599199 queue=32 backlog=25403 lag=107 path=E:\JobAssistant\functions\node_modules\@eslint\eslintrc\dist\eslintrc.d.cts
SNAPSHOT t=23s files=611123 dirs=91899 bytes=80045698802
PROGRESS t=24s files=619917 dirs=93598 bytes=80672536581 queue=32 backlog=26022 lag=43 path=E:\JobAssistant\pickleglass_web\node_modules\next\dist\compiled\jsonwebtoken
SNAPSHOT t=24s files=621833 dirs=94624 bytes=80955260608
PROGRESS t=24s files=625227 dirs=96410 bytes=82032132511 queue=32 backlog=25689 lag=229 path=E:\BuildApp\caches\8.14.3\transforms\72b426460ad7e5ee3e8779bb47c4fb05\transformed\merge\instrumentation-dependencies.bin
SNAPSHOT t=25s files=625227 dirs=96410 bytes=82032132511
SNAPSHOT t=25s files=632036 dirs=101212 bytes=83844990015
PROGRESS t=25s files=632037 dirs=101212 bytes=83844990120 queue=32 backlog=27729 lag=65 path=E:\DA\DeepAnalyze\demo\chat\node_modules\date-fns-jalali\fp\format.d.cts
SNAPSHOT t=26s files=643385 dirs=102548 bytes=83982244221
PROGRESS t=26s files=643386 dirs=102548 bytes=83982245658 queue=32 backlog=28043 lag=206 path=E:\AIRefugee\frontend\AIREFHUB\node_modules\date-fns\fp\getMinutes\index.js.flow
SNAPSHOT t=26s files=655367 dirs=103722 bytes=84049408515
PROGRESS t=26s files=655368 dirs=103722 bytes=84049409430 queue=32 backlog=27948 lag=50 path=E:\AIRefugee\frontend\node_modules\@walletconnect\environment\node_modules\tslib\package.json
SNAPSHOT t=27s files=666459 dirs=104861 bytes=84214540567
PROGRESS t=27s files=666460 dirs=104861 bytes=84214540974 queue=32 backlog=26974 lag=249 path=E:\AIRefugee\frontend\node_modules\viem\node_modules\@noble\curves\p521.d.ts.map
SNAPSHOT t=27s files=676989 dirs=106070 bytes=84376500117
PROGRESS t=27s files=676989 dirs=106071 bytes=84376500117 queue=32 backlog=26547 lag=212 path=E:\Folo\Folo\apps\mobile\native\ios\Modules\Helper
SNAPSHOT t=28s files=690588 dirs=106615 bytes=84435788835
PROGRESS t=28s files=690589 dirs=106615 bytes=84435788949 queue=32 backlog=26418 lag=20 path=E:\FAnalysis\web\node_modules\antd\lib\date-picker\locale\sl_SI.d.ts
SNAPSHOT t=28s files=702538 dirs=107939 bytes=84539268470
PROGRESS t=28s files=702539 dirs=107939 bytes=84539268856 queue=32 backlog=26363 lag=238 path=E:\Folo\Folo\node_modules\@sentry\react\build\esm\sdk.js
SNAPSHOT t=29s files=706930 dirs=108132 bytes=84556131973
PROGRESS t=29s files=706931 dirs=108132 bytes=84556136969 queue=32 backlog=26152 lag=215 path=E:\FAnalysis\web\node_modules\cross-spawn\node_modules\isexe\test\basic.js
SNAPSHOT t=29s files=718791 dirs=109661 bytes=84662157561
PROGRESS t=29s files=718792 dirs=109661 bytes=84662158267 queue=32 backlog=26092 lag=37 path=E:\Folo\Folo\node_modules\happy-dom\lib\nodes\html-opt-group-element\HTMLOptGroupElement.d.ts
SNAPSHOT t=30s files=730699 dirs=110920 bytes=84790896643
PROGRESS t=30s files=730700 dirs=110920 bytes=84790935578 queue=32 backlog=25439 lag=148 path=E:\Folo\Folo\node_modules\rolldown-plugin-dts\node_modules\magic-string\dist\magic-string.cjs.js
SNAPSHOT t=30s files=743192 dirs=111839 bytes=84928847610
PROGRESS t=30s files=743193 dirs=111839 bytes=84928853497 queue=32 backlog=24769 lag=248 path=E:\Gradle\gradle-8.14.3\docs\kotlin-dsl\gradle\org.gradle.api.tasks\-source-task\set-excludes.html
SNAPSHOT t=31s files=754621 dirs=113408 bytes=85025326936
PROGRESS t=31s files=754622 dirs=113408 bytes=85025327413 queue=32 backlog=24406 lag=190 path=E:\govradar\node_modules\@n8n\db\dist\migrations\sqlite\1594825041918-CreateIndexStoppedAt.js.map
SNAPSHOT t=31s files=763550 dirs=114362 bytes=85068917622
PROGRESS t=31s files=764662 dirs=114472 bytes=85072699445 queue=32 backlog=24301 lag=30 path=E:\govradar\node_modules\n8n-nodes-base\dist\nodes\Google\Sheet\GoogleSheetsTrigger.node.d.ts
SNAPSHOT t=32s files=775485 dirs=115787 bytes=85182566920
PROGRESS t=32s files=775486 dirs=115787 bytes=85182566931 queue=32 backlog=23981 lag=137 path=E:\JobAssistant\node_modules\@firebase\util\dist\node-esm\test\defaults.test.d.ts
SNAPSHOT t=33s files=781419 dirs=116764 bytes=85197038580
PROGRESS t=33s files=781420 dirs=116764 bytes=85197038585 queue=32 backlog=23842 lag=136 path=E:\JobAssistant\node_modules\tar-fs\test\fixtures\b\a\test.txt
SNAPSHOT t=33s files=791049 dirs=119239 bytes=85682542618
PROGRESS t=33s files=791050 dirs=119239 bytes=85682543514 queue=32 backlog=24332 lag=209 path=E:\JobAssistant\pickleglass_web\node_modules\lucide-react\dist\esm\icons\panel-left-right-dashed.js
SNAPSHOT t=34s files=794402 dirs=122195 bytes=87363629290
PROGRESS t=34s files=794402 dirs=122196 bytes=87363629290 queue=32 backlog=22694 lag=118 path=E:\BuildApp\caches\modules-2\metadata-2.107\descriptors\org.codehaus.groovy\groovy-groovydoc\3.0.22\9096cec84800b7320df788b851089009
PROGRESS t=35s files=794651 dirs=122853 bytes=87604063316 queue=32 backlog=22588 lag=0 path=E:\BuildApp\wrapper\dists\gradle-8.14.3-all\10utluxaxniiv4wxiphsi49nj\gradle-8.14.3\docs\dsl\org.gradle.api.artifacts.repositories.IvyArtifactRepository.html
SNAPSHOT t=35s files=794651 dirs=122853 bytes=87604063316
PROGRESS t=35s files=800330 dirs=123526 bytes=88046968255 queue=32 backlog=22476 lag=208 path=E:\DA\DeepAnalyze\demo\chat\node_modules\core-js\actual\string\to-well-formed.js
SNAPSHOT t=36s files=805109 dirs=124011 bytes=88123771354
PROGRESS t=36s files=807172 dirs=124311 bytes=88138572407 queue=32 backlog=22605 lag=155 path=E:\AIRefugee\frontend\AIREFHUB\node_modules\@headlessui\react\dist\hooks\use-document-event.js
SNAPSHOT t=36s files=816742 dirs=125515 bytes=88170040950
PROGRESS t=36s files=816742 dirs=125516 bytes=88170040950 queue=32 backlog=22807 lag=178 path=E:\AIRefugee\frontend\AIREFHUB\node_modules\date-fns\locale\gd\_lib\localize
SNAPSHOT t=37s files=829079 dirs=126395 bytes=88217230316
PROGRESS t=37s files=829080 dirs=126395 bytes=88217233918 queue=32 backlog=22952 lag=83 path=E:\AIRefugee\frontend\node_modules\@reown\appkit\node_modules\ox\core\Ens.ts
SNAPSHOT t=37s files=839459 dirs=127438 bytes=88291812177
PROGRESS t=37s files=839460 dirs=127438 bytes=88291815120 queue=32 backlog=21635 lag=242 path=E:\BuildApp\caches\transforms-4\f237fdc9e9b8d11845943353eb654fa6\transformed\appcompat-1.6.1\res\values-es\values-es.xml
SNAPSHOT t=38s files=849370 dirs=128739 bytes=88394315306
PROGRESS t=38s files=849371 dirs=128739 bytes=88394315504 queue=32 backlog=20988 lag=190 path=E:\Folo\Folo\node_modules\@react-native-firebase\app\node_modules\firebase\data-connect\package.json
SNAPSHOT t=39s files=860379 dirs=129655 bytes=88528558593
PROGRESS t=39s files=860380 dirs=129655 bytes=88528562951 queue=32 backlog=20821 lag=83 path=E:\FAnalysis\web\node_modules\plotly.js\src\plots\gl3d\layout\axis_attributes.js
SNAPSHOT t=39s files=870986 dirs=130996 bytes=88567986638
PROGRESS t=39s files=870987 dirs=130996 bytes=88567987296 queue=32 backlog=20062 lag=255 path=E:\Folo\Folo\node_modules\rxjs\dist\esm\internal\operators\takeWhile.js.map
SNAPSHOT t=40s files=881008 dirs=132027 bytes=88638836880
PROGRESS t=40s files=881009 dirs=132027 bytes=88638837026 queue=32 backlog=19585 lag=44 path=E:\govradar\node_modules\@aws-sdk\client-bedrock-agent-runtime\node_modules\@aws-sdk\credential-provider-http\dist-types\index.browser.d.ts
SNAPSHOT t=41s files=891462 dirs=133050 bytes=88668440395
PROGRESS t=41s files=891463 dirs=133050 bytes=88668440880 queue=32 backlog=19313 lag=1 path=E:\govradar\node_modules\@opentelemetry\api\build\esm\experimental\trace\SugaredOptions.d.ts
SNAPSHOT t=41s files=901798 dirs=134695 bytes=88714281953
PROGRESS t=41s files=901799 dirs=134695 bytes=88714292878 queue=32 backlog=19234 lag=206 path=E:\JobAssistant\functions\node_modules\@google-cloud\firestore\build\src\reference\collection-reference.js
SNAPSHOT t=42s files=910953 dirs=136624 bytes=88796903372
PROGRESS t=42s files=910954 dirs=136624 bytes=88797125215 queue=32 backlog=18761 lag=26 path=E:\JobAssistant\pickleglass_web\node_modules\next\dist\compiled\react-server-dom-turbopack-experimental\cjs\react-server-dom-turbopack-server.node.development.js
SNAPSHOT t=43s files=915729 dirs=138174 bytes=89462090817
PROGRESS t=43s files=915730 dirs=138174 bytes=89462091064 queue=32 backlog=16397 lag=208 path=E:\BuildApp\caches\modules-2\metadata-2.107\descriptors\com.google.errorprone\error_prone_parent\2.10.0\26c913274550a0b2221f47a0fe2d2358\descriptor.bin
SNAPSHOT t=43s files=926042 dirs=139630 bytes=89593621357
PROGRESS t=43s files=926043 dirs=139630 bytes=89593621532 queue=32 backlog=15627 lag=201 path=E:\DA\DeepAnalyze\demo\chat\node_modules\victory-vendor\lib-vendor\d3-voronoi\src\constant.js
SNAPSHOT t=44s files=937112 dirs=140094 bytes=89651537241
PROGRESS t=44s files=937113 dirs=140094 bytes=89651537319 queue=32 backlog=15347 lag=215 path=E:\AIRefugee\frontend\AIREFHUB\node_modules\@reown\appkit-adapter-wagmi\node_modules\es-toolkit\compat\propertyOf.d.mts
SNAPSHOT t=45s files=946515 dirs=140924 bytes=89740145779
PROGRESS t=45s files=946516 dirs=140924 bytes=89740147899 queue=32 backlog=14983 lag=208 path=E:\AIRefugee\frontend\AIREFHUB\node_modules\viem\_types\experimental\erc7895\decorators\erc7895.d.ts
SNAPSHOT t=45s files=956253 dirs=141748 bytes=89809690103
PROGRESS t=45s files=956254 dirs=141748 bytes=89809692530 queue=32 backlog=14494 lag=18 path=E:\AIRefugee\frontend\node_modules\next\dist\esm\client\components\metadata\metadata-boundary.js.map
SNAPSHOT t=46s files=967483 dirs=142662 bytes=89957214670
PROGRESS t=46s files=967484 dirs=142662 bytes=89957215971 queue=32 backlog=14539 lag=130 path=E:\FAnalysis\web\node_modules\antd\node_modules\@ant-design\icons\lib\icons\NotificationTwoTone.d.ts
SNAPSHOT t=47s files=978070 dirs=143991 bytes=90060302796
PROGRESS t=47s files=978071 dirs=143991 bytes=90060312713 queue=32 backlog=14580 lag=14 path=E:\Folo\Folo\node_modules\eas-cli\node_modules\ajv\dist\compile\jtd\serialize.js.map
SNAPSHOT t=47s files=988813 dirs=144964 bytes=90113361638
PROGRESS t=47s files=988814 dirs=144964 bytes=90113363028 queue=32 backlog=13302 lag=210 path=E:\Gradle\gradle-8.14.3\src\enterprise-operations\org\gradle\operations\dependencies\transforms\ExecuteTransformActionBuildOperationType.java
SNAPSHOT t=48s files=1000763 dirs=145912 bytes=90196140064
PROGRESS t=48s files=1000764 dirs=145912 bytes=90196140436 queue=32 backlog=12812 lag=52 path=E:\govradar\node_modules\@sentry\node-native\node_modules\@sentry\node\build\esm\init.js
SNAPSHOT t=49s files=1011311 dirs=146785 bytes=90228979194
PROGRESS t=49s files=1011312 dirs=146785 bytes=90228979836 queue=32 backlog=11315 lag=209 path=E:\JobAssistant\node_modules\firebase\compat\storage\dist\esm\compat\functions\index.d.ts
SNAPSHOT t=49s files=1017717 dirs=150131 bytes=90950127090
PROGRESS t=49s files=1017717 dirs=150132 bytes=90950127090 queue=32 backlog=11421 lag=233 path=E:\BuildApp\wrapper\dists\gradle-9.2.0-rc-1-all\gcx11zy01kqjs1cxe0dm05vi\gradle-9.2.0-rc-1\docs\kotlin-dsl\gradle\org.gradle.api.artifacts\-dependency-substitutions
SNAPSHOT t=50s files=1026771 dirs=152380 bytes=91058642828
PROGRESS t=50s files=1026772 dirs=152380 bytes=91058642986 queue=32 backlog=12381 lag=16 path=E:\AIRefugee\frontend\AIREFHUB\node_modules\@rainbow-me\rainbowkit\dist\wallets\walletConnectors\ZilPayWallet\zilPayWallet.js
SNAPSHOT t=51s files=1038308 dirs=153347 bytes=91134226226
PROGRESS t=51s files=1038309 dirs=153347 bytes=91134250119 queue=32 backlog=11880 lag=232 path=E:\AIRefugee\frontend\node_modules\@scure\bip32\node_modules\@noble\curves\src\abstract\bls.ts
SNAPSHOT t=52s files=1049238 dirs=154008 bytes=91184152028
PROGRESS t=52s files=1049239 dirs=154008 bytes=91184155435 queue=32 backlog=11556 lag=47 path=E:\Folo\Folo\node_modules\@babel\plugin-transform-sticky-regex\node_modules\@babel\core\lib\config\resolve-targets.js.map
SNAPSHOT t=52s files=1058265 dirs=155548 bytes=91244879364
PROGRESS t=52s files=1058266 dirs=155548 bytes=91244880328 queue=32 backlog=11635 lag=118 path=E:\FAnalysis\web\node_modules\eslint-plugin-jsx-a11y\node_modules\aria-query\lib\etc\roles\literal\graphicsObjectRole.js
SNAPSHOT t=53s files=1069039 dirs=156410 bytes=91291601109
PROGRESS t=53s files=1069040 dirs=156410 bytes=91291601629 queue=32 backlog=10600 lag=234 path=E:\govradar\node_modules\@n8n\task-runner\node_modules\@sentry\core\build\types-ts3.8\utils\debug-ids.d.ts
SNAPSHOT t=54s files=1079301 dirs=157228 bytes=91464333652
PROGRESS t=54s files=1079302 dirs=157228 bytes=91464335911 queue=32 backlog=9239 lag=50 path=E:\BuildApp\caches\8.4\kotlin-dsl\accessors\7f7b8706415d4a74dccc32d75e2e843b\sources\org\gradle\kotlin\dsl\Accessors1c7jhbyyz0g6safy7k902tw2g.kt
SNAPSHOT t=54s files=1089548 dirs=157228 bytes=91498812103
PROGRESS t=54s files=1089549 dirs=157228 bytes=91498817571 queue=32 backlog=9202 lag=57 path=E:\BuildApp\caches\8.7\kotlin-dsl\accessors\b8e587af63b43ad3470623a7139f45c5\classes\org\gradle\kotlin\dsl\CoreLibraryDesugaringConfigurationAccessorsKt.class
SNAPSHOT t=55s files=1098665 dirs=157901 bytes=91573730977
PROGRESS t=55s files=1098666 dirs=157901 bytes=91573960391 queue=32 backlog=8857 lag=119 path=E:\BuildApp\wrapper\dists\gradle-8.14.3-all\10utluxaxniiv4wxiphsi49nj\gradle-8.14.3\docs\kotlin-dsl\gradle\org.gradle.api.tasks.testing\-abstract-test-task\index.html
SNAPSHOT t=56s files=1102996 dirs=158322 bytes=91635214768
PROGRESS t=56s files=1102997 dirs=158322 bytes=91635223464 queue=32 backlog=8312 lag=7 path=E:\BuildApp\wrapper\dists\gradle-9.2.0-rc-1-all\gcx11zy01kqjs1cxe0dm05vi\gradle-9.2.0-rc-1\docs\kotlin-dsl\gradle\org.gradle.api\-checkable-component-spec\checked-by.html
SNAPSHOT t=57s files=1112139 dirs=159256 bytes=91782119912
PROGRESS t=57s files=1112140 dirs=159256 bytes=91782123047 queue=32 backlog=7145 lag=100 path=E:\DA\DeepAnalyze\demo\chat\node_modules\next\dist\esm\build\webpack\plugins\next-drop-client-page-plugin.js
SNAPSHOT t=57s files=1123448 dirs=159725 bytes=91832725506
PROGRESS t=57s files=1123449 dirs=159725 bytes=91832727210 queue=32 backlog=6684 lag=102 path=E:\AIRefugee\frontend\AIREFHUB\node_modules\@walletconnect\utils\node_modules\viem\_types\actions\wallet\watchAsset.d.ts
SNAPSHOT t=58s files=1133116 dirs=160278 bytes=91868997995
PROGRESS t=58s files=1133117 dirs=160278 bytes=91869000157 queue=32 backlog=6195 lag=83 path=E:\Folo\Folo\packages\internal\shared\node_modules\zod\src\v4\classic\tests\generics.test.ts
SNAPSHOT t=59s files=1138283 dirs=161462 bytes=91895568149
PROGRESS t=59s files=1138284 dirs=161462 bytes=91895568753 queue=32 backlog=6074 lag=34 path=E:\Folo\Folo\node_modules\@sentry\react\node_modules\@sentry\browser\build\npm\esm\debug-build.js.map
SNAPSHOT t=60s files=1148537 dirs=162301 bytes=92009866057
PROGRESS t=60s files=1148538 dirs=162301 bytes=92009869234 queue=32 backlog=5224 lag=119 path=E:\trans-and\app\build\tmp\kotlin-classes\debug\com\example\translatorapp\presentation\history\ComposableSingletons$HistoryRouteKt$lambda-5$1.class
SNAPSHOT t=60s files=1153797 dirs=163568 bytes=92801420919
PROGRESS t=60s files=1153798 dirs=163568 bytes=92801426746 queue=32 backlog=5357 lag=246 path=E:\BuildApp\wrapper\dists\gradle-8.14.3-all\10utluxaxniiv4wxiphsi49nj\gradle-8.14.3\docs\kotlin-dsl\gradle\org.gradle.testkit.runner\-task-outcome\-f-r-o-m_-c-a-c-h-e\index.html
SNAPSHOT t=61s files=1161887 dirs=165106 bytes=92853607897
PROGRESS t=61s files=1161888 dirs=165106 bytes=92853609730 queue=32 backlog=5354 lag=146 path=E:\AIRefugee\frontend\AIREFHUB\node_modules\@walletconnect\utils\node_modules\viem\_types\experimental\erc7739\utils\wrapTypedDataSignature.d.ts
SNAPSHOT t=62s files=1170662 dirs=166317 bytes=92873933328
PROGRESS t=62s files=1170663 dirs=166317 bytes=92873934003 queue=32 backlog=5248 lag=148 path=E:\Folo\Folo\node_modules\@react-native-firebase\app\node_modules\@firebase\firestore\dist\firestore\src\api\transaction_options.d.ts
SNAPSHOT t=63s files=1179080 dirs=167614 bytes=93036578169
PROGRESS t=63s files=1179081 dirs=167614 bytes=93036579956 queue=32 backlog=4587 lag=135 path=E:\BuildApp\wrapper\dists\gradle-8.14.3-all\10utluxaxniiv4wxiphsi49nj\gradle-8.14.3\src\build-configuration\org\gradle\internal\buildconfiguration\tasks\DaemonJvmPropertiesUtils.java
SNAPSHOT t=63s files=1187423 dirs=168351 bytes=93075160190
PROGRESS t=63s files=1187424 dirs=168351 bytes=93075160804 queue=32 backlog=4010 lag=255 path=E:\AIRefugee\frontend\.next\standalone\node_modules\next\dist\client\components\react-dev-overlay\ui\components\terminal\index.js
SNAPSHOT t=64s files=1194823 dirs=169022 bytes=93091686189
PROGRESS t=64s files=1194824 dirs=169022 bytes=93091688040 queue=32 backlog=4160 lag=134 path=E:\AIRefugee\frontend\AIREFHUB\node_modules\@reown\appkit-utils\node_modules\@walletconnect\utils\node_modules\viem\_types\clients\createWalletClient.d.ts.map
PROGRESS t=66s files=1199018 dirs=169763 bytes=93129008353 queue=32 backlog=4585 lag=205 path=E:\AIRefugee\frontend\node_modules\@reown\appkit\node_modules\@walletconnect\utils\node_modules\viem\_cjs\op-stack\actions\getTimeToFinalize.js.map
SNAPSHOT t=66s files=1199018 dirs=169763 bytes=93129008353
PROGRESS t=67s files=1199019 dirs=169763 bytes=93129009095 queue=32 backlog=4585 lag=206 path=E:\AIRefugee\frontend\node_modules\@reown\appkit\node_modules\@walletconnect\utils\node_modules\viem\_esm\chains\definitions\astarZkEVM.js
SNAPSHOT t=67s files=1202615 dirs=169800 bytes=93133296139
PROGRESS t=67s files=1202616 dirs=169800 bytes=93133296315 queue=32 backlog=4551 lag=0 path=E:\AIRefugee\frontend\node_modules\@reown\appkit\node_modules\@walletconnect\utils\node_modules\viem\_esm\utils\hash\toFunctionHash.js
SNAPSHOT t=68s files=1212340 dirs=169945 bytes=93147071769
PROGRESS t=68s files=1212341 dirs=169945 bytes=93147073170 queue=32 backlog=4337 lag=142 path=E:\AIRefugee\frontend\node_modules\@reown\appkit-utils\node_modules\@walletconnect\utils\node_modules\viem\_esm\chains\definitions\redstone.js
SNAPSHOT t=69s files=1220730 dirs=170556 bytes=93205435061
PROGRESS t=69s files=1220730 dirs=170557 bytes=93205435061 queue=32 backlog=3493 lag=183 path=E:\BuildApp\caches\8.14.3\transforms\9c4d127bef7a2b8223d1ce122f3932fb-01b61e5a-7678-4f96-92b4-8843480edf2b\transformed\empty\gradle-8.14.3\platforms\documentation\docs\src\snippets\configurationCache\problemsGroovy
SNAPSHOT t=69s files=1229385 dirs=171894 bytes=93233597967
PROGRESS t=69s files=1229386 dirs=171894 bytes=93233598457 queue=32 backlog=3428 lag=192 path=E:\AIRefugee\frontend\AIREFHUB\node_modules\@reown\appkit\node_modules\@walletconnect\utils\node_modules\viem\_cjs\chains\definitions\mint.js.map
SNAPSHOT t=70s files=1239811 dirs=172046 bytes=93249205547
PROGRESS t=70s files=1239812 dirs=172046 bytes=93249208146 queue=32 backlog=3229 lag=18 path=E:\AIRefugee\frontend\AIREFHUB\node_modules\@reown\appkit-controllers\node_modules\@walletconnect\utils\node_modules\viem\_types\actions\public\getFilterChanges.d.ts.map
SNAPSHOT t=71s files=1250239 dirs=172169 bytes=93263393121
PROGRESS t=71s files=1250240 dirs=172169 bytes=93263393541 queue=32 backlog=3066 lag=73 path=E:\AIRefugee\frontend\AIREFHUB\node_modules\@reown\appkit-utils\node_modules\@walletconnect\utils\node_modules\viem\_types\utils\formatters\proof.d.ts.map
SNAPSHOT t=72s files=1259791 dirs=172376 bytes=93282201651
PROGRESS t=72s files=1259792 dirs=172376 bytes=93282202746 queue=32 backlog=2242 lag=104 path=E:\Folo\Folo\node_modules\@sentry\react\node_modules\@sentry\browser\build\npm\esm\integrations\featureFlags\openfeature\integration.js
SNAPSHOT t=73s files=1261087 dirs=174405 bytes=93306108519
PROGRESS t=73s files=1261088 dirs=174405 bytes=93306111313 queue=32 backlog=3219 lag=101 path=E:\BuildApp\caches\8.14.3\transforms\9c4d127bef7a2b8223d1ce122f3932fb-01b61e5a-7678-4f96-92b4-8843480edf2b\transformed\empty\gradle-8.14.3\platforms\enterprise\enterprise-plugin-performance\src\templates\buildsrc-plugins\buildSrc\build.gradle
SNAPSHOT t=73s files=1268495 dirs=175849 bytes=93345965686
PROGRESS t=73s files=1268496 dirs=175849 bytes=93345965730 queue=32 backlog=2416 lag=249 path=E:\BuildApp\caches\8.14.3\transforms\9c4d127bef7a2b8223d1ce122f3932fb-01b61e5a-7678-4f96-92b4-8843480edf2b\transformed\empty\gradle-8.14.3\platforms\documentation\docs\src\snippets\dependencyManagement\managingTransitiveDependencies-declaringCapabilities\groovy\settings.gradle
SNAPSHOT t=74s files=1276409 dirs=177562 bytes=93364005218
PROGRESS t=74s files=1276410 dirs=177562 bytes=93364005797 queue=32 backlog=2181 lag=148 path=E:\BuildApp\caches\8.14.3\transforms\9c4d127bef7a2b8223d1ce122f3932fb-01b61e5a-7678-4f96-92b4-8843480edf2b\transformed\empty\gradle-8.14.3\platforms\documentation\docs\src\samples\build-organization\structuring-software-projects\groovy\user-feature\settings.gradle
SNAPSHOT t=75s files=1284695 dirs=179047 bytes=93378206538
PROGRESS t=75s files=1284696 dirs=179047 bytes=93378209031 queue=32 backlog=1951 lag=191 path=E:\AIRefugee\frontend\AIREFHUB\node_modules\@walletconnect\ethereum-provider\node_modules\@reown\appkit-controllers\node_modules\@walletconnect\utils\node_modules\viem\_cjs\utils\rpc\webSocket.js.map
SNAPSHOT t=76s files=1293894 dirs=179219 bytes=93390953114
PROGRESS t=76s files=1293895 dirs=179219 bytes=93390965586 queue=32 backlog=1752 lag=90 path=E:\AIRefugee\frontend\AIREFHUB\node_modules\@walletconnect\ethereum-provider\node_modules\@reown\appkit-utils\node_modules\@walletconnect\utils\node_modules\viem\_types\chains\definitions\lisk.d.ts
SNAPSHOT t=77s files=1299314 dirs=181440 bytes=93409108571
PROGRESS t=77s files=1299314 dirs=181441 bytes=93409108571 queue=32 backlog=1655 lag=51 path=E:\BuildApp\caches\8.14.3\transforms\9c4d127bef7a2b8223d1ce122f3932fb-01b61e5a-7678-4f96-92b4-8843480edf2b\transformed\empty\gradle-8.14.3\platforms\documentation\docs\src\snippets\plugins\buildServiceUsingServiceReference\groovy\buildSrc\src\main\java
SNAPSHOT t=77s files=1301766 dirs=181869 bytes=93419322929
PROGRESS t=77s files=1301767 dirs=181869 bytes=93419324107 queue=32 backlog=1381 lag=116 path=E:\BuildApp\caches\8.14.3\transforms\9c4d127bef7a2b8223d1ce122f3932fb-01b61e5a-7678-4f96-92b4-8843480edf2b\transformed\empty\gradle-8.14.3\platforms\jvm\jacoco\src\integTest\groovy\org\gradle\testing\jacoco\plugins\JacocoMultiVersionIntegrationTest.groovy
SNAPSHOT t=78s files=1302968 dirs=182044 bytes=93423413345
PROGRESS t=78s files=1302969 dirs=182044 bytes=93423414491 queue=32 backlog=1333 lag=213 path=E:\BuildApp\caches\8.14.3\transforms\9c4d127bef7a2b8223d1ce122f3932fb-01b61e5a-7678-4f96-92b4-8843480edf2b\transformed\empty\gradle-8.14.3\platforms\software\dependency-management\src\main\java\org\gradle\api\internal\artifacts\DefaultPomModuleDescriptor.java
SNAPSHOT t=79s files=1303904 dirs=182162 bytes=93429734136
PROGRESS t=79s files=1303905 dirs=182162 bytes=93429738537 queue=32 backlog=1258 lag=243 path=E:\BuildApp\caches\8.14.3\transforms\9c4d127bef7a2b8223d1ce122f3932fb-01b61e5a-7678-4f96-92b4-8843480edf2b\transformed\empty\gradle-8.14.3\platforms\core-configuration\base-diagnostics\src\main\java\org\gradle\api\tasks\diagnostics\internal\ReportGenerator.java
SNAPSHOT t=80s files=1306526 dirs=182842 bytes=93438657507
PROGRESS t=80s files=1306527 dirs=182842 bytes=93438657900 queue=32 backlog=801 lag=217 path=E:\BuildApp\caches\8.14.3\transforms\9c4d127bef7a2b8223d1ce122f3932fb-01b61e5a-7678-4f96-92b4-8843480edf2b\transformed\empty\gradle-8.14.3\platforms\software\dependency-management\src\integTest\resources\org\gradle\integtests\resolve\ArtifactDependenciesIntegrationTest\canUseDynamicVersions\build.gradle
SNAPSHOT t=81s files=1309160 dirs=183582 bytes=93457709091
PROGRESS t=81s files=1309161 dirs=183582 bytes=93457709898 queue=32 backlog=225 lag=7 path=E:\BuildApp\caches\8.14.3\transforms\9c4d127bef7a2b8223d1ce122f3932fb-01b61e5a-7678-4f96-92b4-8843480edf2b\transformed\empty\gradle-8.14.3\platforms\jvm\language-java\src\test\groovy\org\gradle\api\internal\tasks\compile\incremental\test\SomeOtherClass.java
TIMEOUT t=84s recv=timed out waiting on channel
